{
  "stats": {
    "suites": 9,
    "tests": 9,
    "passes": 9,
    "pending": 0,
    "failures": 0,
    "start": "2022-11-29T13:54:15.030Z",
    "end": "2022-11-29T13:54:15.217Z",
    "duration": 187,
    "testsRegistered": 9,
    "passPercent": 100,
    "pendingPercent": 0,
    "other": 0,
    "hasOther": false,
    "skipped": 0,
    "hasSkipped": false
  },
  "results": [
    {
      "uuid": "9025b08c-c252-474e-bf33-d368494f54ba",
      "title": "",
      "fullFile": "",
      "file": "",
      "beforeHooks": [],
      "afterHooks": [
        {
          "title": "\"after all\" hook in \"{root}\"",
          "fullTitle": "\"after all\" hook in \"{root}\"",
          "timedOut": false,
          "duration": 1,
          "state": null,
          "speed": null,
          "pass": false,
          "fail": false,
          "pending": false,
          "context": null,
          "code": "done();",
          "err": {},
          "uuid": "91df558d-14c5-4c30-83ba-46bf0486ffde",
          "parentUUID": "9025b08c-c252-474e-bf33-d368494f54ba",
          "isHook": true,
          "skipped": false
        }
      ],
      "tests": [],
      "suites": [
        {
          "uuid": "6fdbf051-d57f-4104-9b94-e33d9d703d2f",
          "title": "POST /api/mekanlar",
          "fullFile": "C:\\Users\\Beyza Özeren\\Desktop\\3.Sınıf 1.Dönem Dersleri\\Web Teknolojileri ve Programlama\\mekanbul\\test.js",
          "file": "\\test.js",
          "beforeHooks": [],
          "afterHooks": [],
          "tests": [
            {
              "title": "Yeni mekan ekle:",
              "fullTitle": "POST /api/mekanlar Yeni mekan ekle:",
              "timedOut": false,
              "duration": 42,
              "state": "passed",
              "speed": "medium",
              "pass": true,
              "fail": false,
              "pending": false,
              "context": null,
              "code": "const response = await request.post(\"/api/mekanlar\").send({\n  ad: \"Starbucks\",\n  adres: \"Centrum Garden\",\n  puan: 5,\n  imkanlar: \"çay,kahve,pasta\",\n  enlem: 37.83226584629666,\n  boylam: 30.524732239878013,\n  gunler1: \"Pazartesi-Cuma\",\n  acilis1: \"9:00\",\n  kapanis1: \"23:00\",\n  kapali1: false,\n  gunler2: \"Cumartesi-Pazar\",\n  acilis2: \"11:00\",\n  kapanis2: \"17:00\",\n  kapali2: false,\n});\nexpect(response.status).to.eql(201);\nprocess.env.mekanid = response.body._id;",
              "err": {},
              "uuid": "e5493581-2e9a-4270-a6a8-d65a57394f29",
              "parentUUID": "6fdbf051-d57f-4104-9b94-e33d9d703d2f",
              "isHook": false,
              "skipped": false
            }
          ],
          "suites": [],
          "passes": [
            "e5493581-2e9a-4270-a6a8-d65a57394f29"
          ],
          "failures": [],
          "pending": [],
          "skipped": [],
          "duration": 42,
          "root": false,
          "rootEmpty": false,
          "_timeout": 1000
        },
        {
          "uuid": "08c2d15c-51c6-4721-897a-6919ea13a08b",
          "title": "GET /api/mekanlar",
          "fullFile": "C:\\Users\\Beyza Özeren\\Desktop\\3.Sınıf 1.Dönem Dersleri\\Web Teknolojileri ve Programlama\\mekanbul\\test.js",
          "file": "\\test.js",
          "beforeHooks": [],
          "afterHooks": [],
          "tests": [
            {
              "title": "Girilen konum civarındaki tüm mekanları listele:",
              "fullTitle": "GET /api/mekanlar Girilen konum civarındaki tüm mekanları listele:",
              "timedOut": false,
              "duration": 35,
              "state": "passed",
              "speed": "fast",
              "pass": true,
              "fail": false,
              "pending": false,
              "context": null,
              "code": "const response = await request.get(\"/api/mekanlar?enlem=37&boylam=35\");\nexpect(response.status).to.eql(200);",
              "err": {},
              "uuid": "5594c910-22d3-41dd-98e9-4e68a5c63cb9",
              "parentUUID": "08c2d15c-51c6-4721-897a-6919ea13a08b",
              "isHook": false,
              "skipped": false
            }
          ],
          "suites": [],
          "passes": [
            "5594c910-22d3-41dd-98e9-4e68a5c63cb9"
          ],
          "failures": [],
          "pending": [],
          "skipped": [],
          "duration": 35,
          "root": false,
          "rootEmpty": false,
          "_timeout": 1000
        },
        {
          "uuid": "d3532423-2c93-4eea-b07b-38a81e18697e",
          "title": "GET /api/mekanlar/:mekanid",
          "fullFile": "C:\\Users\\Beyza Özeren\\Desktop\\3.Sınıf 1.Dönem Dersleri\\Web Teknolojileri ve Programlama\\mekanbul\\test.js",
          "file": "\\test.js",
          "beforeHooks": [],
          "afterHooks": [],
          "tests": [
            {
              "title": "Mekan getir:",
              "fullTitle": "GET /api/mekanlar/:mekanid Mekan getir:",
              "timedOut": false,
              "duration": 9,
              "state": "passed",
              "speed": "fast",
              "pass": true,
              "fail": false,
              "pending": false,
              "context": null,
              "code": "const response = await request.get(`/api/mekanlar/${process.env.mekanid}`);\nexpect(response.status).to.eql(200);",
              "err": {},
              "uuid": "3504812a-71bc-4195-9268-bfea3977c335",
              "parentUUID": "d3532423-2c93-4eea-b07b-38a81e18697e",
              "isHook": false,
              "skipped": false
            }
          ],
          "suites": [],
          "passes": [
            "3504812a-71bc-4195-9268-bfea3977c335"
          ],
          "failures": [],
          "pending": [],
          "skipped": [],
          "duration": 9,
          "root": false,
          "rootEmpty": false,
          "_timeout": 1000
        },
        {
          "uuid": "2245be19-a9a4-40df-9eaf-b83135cf7dde",
          "title": "PUT /api/mekanlar/:mekanid",
          "fullFile": "C:\\Users\\Beyza Özeren\\Desktop\\3.Sınıf 1.Dönem Dersleri\\Web Teknolojileri ve Programlama\\mekanbul\\test.js",
          "file": "\\test.js",
          "beforeHooks": [],
          "afterHooks": [],
          "tests": [
            {
              "title": "Mekan Güncelle:",
              "fullTitle": "PUT /api/mekanlar/:mekanid Mekan Güncelle:",
              "timedOut": false,
              "duration": 16,
              "state": "passed",
              "speed": "fast",
              "pass": true,
              "fail": false,
              "pending": false,
              "context": null,
              "code": "const response = await request\n  .put(`/api/mekanlar/${process.env.mekanid}`)\n  .send({\n    ad: \"Starbucks SDÜ\",\n    adres: \"SDÜ Doğu Kampüsü\",\n    puan: 3,\n    imkanlar: \"çay,kahve,pasta,refresher\",\n    enlem: 37.8,\n    boylam: 30.5,\n    gunler1: \"Pazartesi-Cuma\",\n    acilis1: \"9:10\",\n    kapanis1: \"23:10\",\n    kapali1: true,\n    gunler2: \"Cumartesi-Pazar\",\n    acilis2: \"11:10\",\n    kapanis2: \"17:10\",\n    kapali2: true,\n  });\nexpect(response.status).to.eql(200);",
              "err": {},
              "uuid": "3b75259b-014d-478c-95c9-c2aa29113510",
              "parentUUID": "2245be19-a9a4-40df-9eaf-b83135cf7dde",
              "isHook": false,
              "skipped": false
            }
          ],
          "suites": [],
          "passes": [
            "3b75259b-014d-478c-95c9-c2aa29113510"
          ],
          "failures": [],
          "pending": [],
          "skipped": [],
          "duration": 16,
          "root": false,
          "rootEmpty": false,
          "_timeout": 1000
        },
        {
          "uuid": "0cc31724-24ea-4500-957e-1167b3d9e764",
          "title": "POST /api/mekanlar/:mekanid/yorumlar",
          "fullFile": "C:\\Users\\Beyza Özeren\\Desktop\\3.Sınıf 1.Dönem Dersleri\\Web Teknolojileri ve Programlama\\mekanbul\\test.js",
          "file": "\\test.js",
          "beforeHooks": [],
          "afterHooks": [],
          "tests": [
            {
              "title": "Yorum ekle:",
              "fullTitle": "POST /api/mekanlar/:mekanid/yorumlar Yorum ekle:",
              "timedOut": false,
              "duration": 12,
              "state": "passed",
              "speed": "fast",
              "pass": true,
              "fail": false,
              "pending": false,
              "context": null,
              "code": "const response = await request\n  .post(`/api/mekanlar/${process.env.mekanid}/yorumlar`)\n  .send({\n    yorumYapan: \"ASY\",\n    puan: 5,\n    yorumMetni: \"Kahveler harika\",\n  });\nprocess.env.yorumid = response.body._id;\nexpect(response.status).to.eql(201);",
              "err": {},
              "uuid": "d0623076-7f8e-4cc2-8da8-921ff1c5dde0",
              "parentUUID": "0cc31724-24ea-4500-957e-1167b3d9e764",
              "isHook": false,
              "skipped": false
            }
          ],
          "suites": [],
          "passes": [
            "d0623076-7f8e-4cc2-8da8-921ff1c5dde0"
          ],
          "failures": [],
          "pending": [],
          "skipped": [],
          "duration": 12,
          "root": false,
          "rootEmpty": false,
          "_timeout": 1000
        },
        {
          "uuid": "e49fc26f-c97e-453e-8c57-a41b77b329ea",
          "title": "GET /api/mekanlar/:mekanid/yorumlar/:yorumid",
          "fullFile": "C:\\Users\\Beyza Özeren\\Desktop\\3.Sınıf 1.Dönem Dersleri\\Web Teknolojileri ve Programlama\\mekanbul\\test.js",
          "file": "\\test.js",
          "beforeHooks": [],
          "afterHooks": [],
          "tests": [
            {
              "title": "Yorum getir:",
              "fullTitle": "GET /api/mekanlar/:mekanid/yorumlar/:yorumid Yorum getir:",
              "timedOut": false,
              "duration": 11,
              "state": "passed",
              "speed": "fast",
              "pass": true,
              "fail": false,
              "pending": false,
              "context": null,
              "code": "const response = await request.get(\n  `/api/mekanlar/${process.env.mekanid}/yorumlar/${process.env.yorumid}`\n);\nexpect(response.status).to.eql(200);",
              "err": {},
              "uuid": "df9204b9-7095-48ce-b499-6c6a2127edd2",
              "parentUUID": "e49fc26f-c97e-453e-8c57-a41b77b329ea",
              "isHook": false,
              "skipped": false
            }
          ],
          "suites": [],
          "passes": [
            "df9204b9-7095-48ce-b499-6c6a2127edd2"
          ],
          "failures": [],
          "pending": [],
          "skipped": [],
          "duration": 11,
          "root": false,
          "rootEmpty": false,
          "_timeout": 1000
        },
        {
          "uuid": "17578158-a3d2-4d05-af23-2e20cfbfd9ad",
          "title": "PUT /api/mekanlar/:mekanid/yorumlar/:yorumid",
          "fullFile": "C:\\Users\\Beyza Özeren\\Desktop\\3.Sınıf 1.Dönem Dersleri\\Web Teknolojileri ve Programlama\\mekanbul\\test.js",
          "file": "\\test.js",
          "beforeHooks": [],
          "afterHooks": [],
          "tests": [
            {
              "title": "Yorum güncelle:",
              "fullTitle": "PUT /api/mekanlar/:mekanid/yorumlar/:yorumid Yorum güncelle:",
              "timedOut": false,
              "duration": 13,
              "state": "passed",
              "speed": "fast",
              "pass": true,
              "fail": false,
              "pending": false,
              "context": null,
              "code": "const response = await request\n  .put(\n    `/api/mekanlar/${process.env.mekanid}/yorumlar/${process.env.yorumid}`\n  )\n  .send({\n    yorumYapan: \"Sinan\",\n    puan: 4,\n    yorumMetni: \"Kahveler harikaaaa\",\n  });\nexpect(response.status).to.eql(200);",
              "err": {},
              "uuid": "40b5a479-42a9-4121-82b9-d04b0f7cf0dc",
              "parentUUID": "17578158-a3d2-4d05-af23-2e20cfbfd9ad",
              "isHook": false,
              "skipped": false
            }
          ],
          "suites": [],
          "passes": [
            "40b5a479-42a9-4121-82b9-d04b0f7cf0dc"
          ],
          "failures": [],
          "pending": [],
          "skipped": [],
          "duration": 13,
          "root": false,
          "rootEmpty": false,
          "_timeout": 1000
        },
        {
          "uuid": "ca4540db-26f7-406d-a418-051a76f9b4bd",
          "title": "DELETE /api/mekanlar/:mekanid/yorumlar/:yorumid",
          "fullFile": "C:\\Users\\Beyza Özeren\\Desktop\\3.Sınıf 1.Dönem Dersleri\\Web Teknolojileri ve Programlama\\mekanbul\\test.js",
          "file": "\\test.js",
          "beforeHooks": [],
          "afterHooks": [],
          "tests": [
            {
              "title": "Yorum sil:",
              "fullTitle": "DELETE /api/mekanlar/:mekanid/yorumlar/:yorumid Yorum sil:",
              "timedOut": false,
              "duration": 10,
              "state": "passed",
              "speed": "fast",
              "pass": true,
              "fail": false,
              "pending": false,
              "context": null,
              "code": "const response = await request.delete(\n  `/api/mekanlar/${process.env.mekanid}/yorumlar/${process.env.yorumid}`\n);\nexpect(response.status).to.eql(200);",
              "err": {},
              "uuid": "ae9fb564-3b24-461b-8707-b395d0b22e8c",
              "parentUUID": "ca4540db-26f7-406d-a418-051a76f9b4bd",
              "isHook": false,
              "skipped": false
            }
          ],
          "suites": [],
          "passes": [
            "ae9fb564-3b24-461b-8707-b395d0b22e8c"
          ],
          "failures": [],
          "pending": [],
          "skipped": [],
          "duration": 10,
          "root": false,
          "rootEmpty": false,
          "_timeout": 1000
        },
        {
          "uuid": "4096a481-3981-439a-be6a-01cc1cce89cb",
          "title": "DELETE /api/mekanlar/:mekanid",
          "fullFile": "C:\\Users\\Beyza Özeren\\Desktop\\3.Sınıf 1.Dönem Dersleri\\Web Teknolojileri ve Programlama\\mekanbul\\test.js",
          "file": "\\test.js",
          "beforeHooks": [],
          "afterHooks": [],
          "tests": [
            {
              "title": "Mekan sil:",
              "fullTitle": "DELETE /api/mekanlar/:mekanid Mekan sil:",
              "timedOut": false,
              "duration": 8,
              "state": "passed",
              "speed": "fast",
              "pass": true,
              "fail": false,
              "pending": false,
              "context": null,
              "code": "const response = await request.delete(\n  `/api/mekanlar/${process.env.mekanid}`\n);\nexpect(response.status).to.eql(200);",
              "err": {},
              "uuid": "f8e6947f-e794-456b-b1bb-967ce305295c",
              "parentUUID": "4096a481-3981-439a-be6a-01cc1cce89cb",
              "isHook": false,
              "skipped": false
            }
          ],
          "suites": [],
          "passes": [
            "f8e6947f-e794-456b-b1bb-967ce305295c"
          ],
          "failures": [],
          "pending": [],
          "skipped": [],
          "duration": 8,
          "root": false,
          "rootEmpty": false,
          "_timeout": 1000
        }
      ],
      "passes": [],
      "failures": [],
      "pending": [],
      "skipped": [],
      "duration": 0,
      "root": true,
      "rootEmpty": true,
      "_timeout": 1000
    }
  ],
  "meta": {
    "mocha": {
      "version": "10.1.0"
    },
    "mochawesome": {
      "options": {
        "quiet": false,
        "reportFilename": "mochawesome",
        "saveHtml": true,
        "saveJson": true,
        "consoleReporter": "spec",
        "useInlineDiffs": false,
        "code": true
      },
      "version": "7.1.3"
    },
    "marge": {
      "options": null,
      "version": "6.2.0"
    }
  }
}